<?xml version="1.0" encoding="UTF-8"?>
<robot generator="Robot 6.1.1 (Python 3.12.1 on win32)" generated="20240110 08:14:53.898" rpa="false" schemaversion="4">
<suite id="s1" name="Appium" source="C:\Users\mb_la\Documents\Projetos\TestesRobotSeleniumAppium\src\Appium">
<suite id="s1-s1" name="Clientes" source="C:\Users\mb_la\Documents\Projetos\TestesRobotSeleniumAppium\src\Appium\Clientes">
<suite id="s1-s1-s1" name="Mobile" source="C:\Users\mb_la\Documents\Projetos\TestesRobotSeleniumAppium\src\Appium\Clientes\Mobile.robot">
<test id="s1-s1-s1-t1" name="Login" line="7">
<kw name="CT: Logar no APP com sucesso" library="Login">
<kw name="Dado que esteja na página de login do APP" library="Home_Login">
<kw name="Get Enviroment Variables" library="Get_Envs">
<var>${ENVS}</var>
<msg timestamp="20240110 08:14:54.377" level="INFO">${ENVS} = {'USER': '', 'PASSWORD': '', 'CODE': ''}</msg>
<status status="PASS" starttime="20240110 08:14:54.377" endtime="20240110 08:14:54.377"/>
</kw>
<kw name="Set Suite Variable" library="BuiltIn">
<arg>${ENVS}</arg>
<arg>${ENVS}</arg>
<doc>Makes a variable available everywhere within the scope of the current suite.</doc>
<msg timestamp="20240110 08:14:54.377" level="INFO">${ENVS} = {'USER': '', 'PASSWORD': '', 'CODE': ''}</msg>
<status status="PASS" starttime="20240110 08:14:54.377" endtime="20240110 08:14:54.377"/>
</kw>
<kw name="Log To Console" library="BuiltIn">
<arg>&amp;{ANDROID_CONFIGURATION['ANDROID_PLATFORM_NAME']}</arg>
<doc>Logs the given message to the console.</doc>
<msg timestamp="20240110 08:14:54.377" level="FAIL">Value of variable '&amp;{ANDROID_CONFIGURATION['ANDROID_PLATFORM_NAME']}' is not dictionary or dictionary-like.</msg>
<status status="FAIL" starttime="20240110 08:14:54.377" endtime="20240110 08:14:54.377"/>
</kw>
<kw name="Open Application" library="AppiumLibrary">
<arg>http://localhost:4723/wd/hub</arg>
<arg>platformName=&amp;{ANDROID_CONFIGURATION['ANDROID_PLATFORM_NAME']}</arg>
<arg>deviceName=&amp;{ANDROID_CONFIGURATION['ANDROID_DEVICENAME']}</arg>
<arg>appPackage=&amp;{ANDROID_CONFIGURATION['ANDROID_APPPACKAGE']}</arg>
<arg>appActivity=&amp;{ANDROID_CONFIGURATION['ANDROID_ACTIVITY']}</arg>
<arg>automationName=&amp;{ANDROID_CONFIGURATION['ANDROID_AUTOMATION_NAME']}</arg>
<doc>Opens a new application to given Appium server.
Capabilities of appium server, Android and iOS,
Please check https://github.com/appium/appium/blob/master/docs/en/writing-running-appium/server-args.md
| *Option*            | *Man.* | *Description*     |
| remote_url          | Yes    | Appium server url |
| alias               | no     | alias             |
| strict_ssl          | No     | allows you to send commands to an invalid certificate host like a self-signed one. |</doc>
<status status="NOT RUN" starttime="20240110 08:14:54.377" endtime="20240110 08:14:54.377"/>
</kw>
<kw name="Wait Until Page Contains Element" library="AppiumLibrary">
<arg>&amp;{HOME_PAGE_LOCATORS['CONFIG_ELEMENT']}</arg>
<doc>Waits until element specified with `locator` appears on current page.</doc>
<status status="NOT RUN" starttime="20240110 08:14:54.377" endtime="20240110 08:14:54.377"/>
</kw>
<kw name="Wait Until Page Contains Element" library="AppiumLibrary">
<arg>&amp;{HOME_PAGE_LOCATORS['BUTTON_ENTRAR_HOME']}</arg>
<doc>Waits until element specified with `locator` appears on current page.</doc>
<status status="NOT RUN" starttime="20240110 08:14:54.377" endtime="20240110 08:14:54.377"/>
</kw>
<kw name="Click Text" library="AppiumLibrary">
<arg>&amp;{HOME_PAGE_LOCATORS['BUTTON_ENTRAR_PAGE']}</arg>
<doc>Click text identified by ``text``.</doc>
<status status="NOT RUN" starttime="20240110 08:14:54.377" endtime="20240110 08:14:54.377"/>
</kw>
<status status="FAIL" starttime="20240110 08:14:54.377" endtime="20240110 08:14:54.377"/>
</kw>
<kw name="Quando preencher o usuário corretamente" library="Home_Login">
<status status="NOT RUN" starttime="20240110 08:14:54.377" endtime="20240110 08:14:54.377"/>
</kw>
<kw name="E preencher a senha corretamente" library="Home_Login">
<status status="NOT RUN" starttime="20240110 08:14:54.377" endtime="20240110 08:14:54.377"/>
</kw>
<kw name="E clicar em entrar" library="Home_Login">
<status status="NOT RUN" starttime="20240110 08:14:54.377" endtime="20240110 08:14:54.377"/>
</kw>
<kw name="Então será logado no sistema" library="Home">
<status status="NOT RUN" starttime="20240110 08:14:54.377" endtime="20240110 08:14:54.377"/>
</kw>
<status status="FAIL" starttime="20240110 08:14:54.377" endtime="20240110 08:14:54.377"/>
</kw>
<status status="FAIL" starttime="20240110 08:14:54.377" endtime="20240110 08:14:54.377">Value of variable '&amp;{ANDROID_CONFIGURATION['ANDROID_PLATFORM_NAME']}' is not dictionary or dictionary-like.</status>
</test>
<status status="FAIL" starttime="20240110 08:14:53.914" endtime="20240110 08:14:54.377"/>
</suite>
<status status="FAIL" starttime="20240110 08:14:53.914" endtime="20240110 08:14:54.377"/>
</suite>
<status status="FAIL" starttime="20240110 08:14:53.898" endtime="20240110 08:14:54.377"/>
</suite>
<statistics>
<total>
<stat pass="0" fail="1" skip="0">All Tests</stat>
</total>
<tag>
</tag>
<suite>
<stat pass="0" fail="1" skip="0" id="s1" name="Appium">Appium</stat>
<stat pass="0" fail="1" skip="0" id="s1-s1" name="Clientes">Appium.Clientes</stat>
<stat pass="0" fail="1" skip="0" id="s1-s1-s1" name="Mobile">Appium.Clientes.Mobile</stat>
</suite>
</statistics>
<errors>
<msg timestamp="20240110 08:14:54.105" level="WARN">Imported resource file 'C:\Users\mb_la\Documents\Projetos\TestesRobotSeleniumAppium\src\Appium\Resources\Home.robot' is empty.</msg>
</errors>
</robot>
